<?xml version="1.0" encoding="UTF-8"?>
<!-- Generated by org.testng.reporters.JUnitReportReporter -->
<testsuite hostname="AnuChandu" failures="0" tests="2" name="contactsTests.CreateNewContactTest" time="33.321" errors="0" timestamp="2024-07-12T17:36:51 IST" skipped="0">
  <testcase classname="contactsTests.CreateNewContactTest" name="sample" time="7.062"/>
  <system-out/>
  <testcase classname="contactsTests.CreateNewContactTest" name="CreateNewContactWithMandatoryfields" time="26.259"/>
  <system-out/>
</testsuite> <!-- contactsTests.CreateNewContactTest -->
